Godot Engine v4.6.3.stable.official.7d41c59c4 - https://godotengine.org
TextServer: Added interface "Dummy"
TextServer: Added interface "ICU / HarfBuzz / Graphite (Built-in)"
Unrecognized output string "misc2" in mapping:
030000008a2e0000dd10000011010000,Hand Held Legend GC Ultimate,a:b0,b:b2,back:b17,dpdown:b5,dpleft:b6,dpright:b7,dpup:b4,guide:b18,leftshoulder:b10,leftstick:b8,lefttrigger:a3,leftx:a0,lefty:a1,misc1:b19,misc2:b24,paddle1:b13,paddle2:b12,rightshoulder:b11,rightstick:b9,righttrigger:a4,rightx:a2,righty:a5,start:b16,x:b1,y:b3,platform:Linux,
Unrecognized output string "misc2" in mapping:
030000000d0f0000ab01000011010000,Horipad Steam,a:b0,b:b1,back:b10,dpdown:h0.4,dpleft:h0.8,dpright:h0.2,dpup:h0.1,guide:b12,leftshoulder:b6,leftstick:b13,lefttrigger:a5,leftx:a0,lefty:a1,misc2:b2,paddle1:b19,paddle2:b18,paddle3:b15,paddle4:b5,rightshoulder:b7,rightstick:b14,righttrigger:a4,rightx:a2,righty:a3,start:b11,x:b3,y:b4,platform:Linux,
Unrecognized output string "misc2" in mapping:
050000000d0f00009601000091000000,Horipad Steam,a:b0,b:b1,back:b10,dpdown:h0.4,dpleft:h0.8,dpright:h0.2,dpup:h0.1,guide:b12,leftshoulder:b6,leftstick:b13,lefttrigger:a5,leftx:a0,lefty:a1,misc2:b2,paddle1:b19,paddle2:b18,paddle3:b15,paddle4:b5,rightshoulder:b7,rightstick:b14,righttrigger:a4,rightx:a2,righty:a3,start:b11,x:b3,y:b4,platform:Linux,
Unrecognized output string "misc2" in mapping:
030000007e0500006920000011010000,Nintendo Switch 2 Pro Controller,a:b0,b:b1,back:b14,dpdown:b8,dpleft:b10,dpright:b9,dpup:b11,guide:b16,leftshoulder:b12,leftstick:b15,lefttrigger:b13,leftx:a0,lefty:a1~,misc1:b17,misc2:b20,paddle1:b18,paddle2:b19,rightshoulder:b4,rightstick:b7,righttrigger:b5,rightx:a2,righty:a3~,start:b6,x:b2,y:b3,platform:Linux,
SDL: Init OK!
Using "default" pen tablet driver...

TextServer: Primary interface set to: "ICU / HarfBuzz / Graphite (Built-in)".
CORE API HASH: 2475187701
EDITOR API HASH: 3867286884
SceneTreeFTI: traversal method DEFAULT
Loaded system CA certificates
Loading resource: res://scenes/MobileSimulator.tscn
Loading resource: res://scripts/MobileSimulator.gd
Loading resource: res://scenes/Main.tscn
Loading resource: res://scripts/MainController.gd
Loading resource: res://audio/initializing.mp3
Loading resource: res://.godot/imported/initializing.mp3-047bbcc4e28b49112470c079b2e6b5ab.mp3str
Loading resource: res://audio/touch_center.mp3
Loading resource: res://.godot/imported/touch_center.mp3-aec2140162c4b63ade98a8f58597f6ba.mp3str
Loading resource: res://audio/first_touch.mp3
Loading resource: res://.godot/imported/first_touch.mp3-253ddf3ab27c1c59429a904d0870648e.mp3str
Loading resource: res://audio/hold_attention.mp3
Loading resource: res://.godot/imported/hold_attention.mp3-333fec42214a58ae1f425d4f9b2d9d0a.mp3str
Loading resource: res://audio/hidden_detail.mp3
Loading resource: res://.godot/imported/hidden_detail.mp3-cd9a988c5bc4656dda75c57184c93112.mp3str
Loading resource: res://audio/remember.mp3
Loading resource: res://.godot/imported/remember.mp3-2a2b0ed95e94a67c10df07a3b5a73cd5.mp3str
Loading resource: res://audio/more_to_explore.mp3
Loading resource: res://.godot/imported/more_to_explore.mp3-8c9926529f1817119b21588b3f20c024.mp3str
Loading resource: res://scripts/NavigationManager.gd
Loading resource: res://scenes/LivingIris.tscn
Loading resource: res://scenes/Iris.tscn
Loading resource: res://shaders/iris.gdshader
Loading resource: res://assets/iris_particle.svg
Loading resource: res://.godot/imported/iris_particle.svg-998c9366b38b44d9553147ff2413914e.ctex
Loading resource: res://scenes/WitnessExperience.tscn
Loading resource: res://scenes/WitnessMode.tscn
Loading resource: res://shaders/witness.gdshader
Loading resource: res://scenes/ArchivePlaceholder.tscn
Loading resource: res://scenes/Archive.tscn
Loading resource: res://scenes/DiscoverPlaceholder.tscn
Loading resource: res://scenes/Discovery.tscn
Loading resource: res://scenes/ProfilePlaceholder.tscn
Loading resource: res://scenes/Profile.tscn
Loading resource: res://scenes/SettingsPlaceholder.tscn
Loading resource: res://scenes/Settings.tscn
Loading resource: res://scenes/TransitionController.tscn
Loading resource: res://shaders/transition.gdshader
Loading resource: res://scenes/AccessibilityPanel.tscn
Loading resource: res://scenes/VoiceGuide.tscn
Loading resource: res://scenes/CaptionOverlay.tscn
Loading resource: res://scripts/TouchIndicator.gd
